2026-03-19 09:33:30.072 INFO  [main] txu.auth.mainapp.MainAppApplication - Starting MainAppApplication using Java 18.0.2 with PID 18988 (D:\06-05-2025\auth\main-app\target\classes started by Precision 7540 in D:\06-05-2025\auth)
2026-03-19 09:33:30.074 INFO  [main] txu.auth.mainapp.MainAppApplication - No active profile set, falling back to 1 default profile: "default"
2026-03-19 09:33:31.893 INFO  [main] o.s.d.r.c.RepositoryConfigurationDelegate - Multiple Spring Data modules found, entering strict repository configuration mode
2026-03-19 09:33:31.899 INFO  [main] o.s.d.r.c.RepositoryConfigurationDelegate - Bootstrapping Spring Data Redis repositories in DEFAULT mode.
2026-03-19 09:33:31.973 INFO  [main] o.s.d.r.c.RepositoryConfigurationDelegate - Finished Spring Data repository scanning in 33 ms. Found 0 Redis repository interfaces.
2026-03-19 09:33:32.771 INFO  [main] o.s.b.w.e.tomcat.TomcatWebServer - Tomcat initialized with port 8080 (http)
2026-03-19 09:33:32.787 INFO  [main] o.a.coyote.http11.Http11NioProtocol - Initializing ProtocolHandler ["http-nio-8080"]
2026-03-19 09:33:32.790 INFO  [main] o.a.catalina.core.StandardService - Starting service [Tomcat]
2026-03-19 09:33:32.790 INFO  [main] o.a.catalina.core.StandardEngine - Starting Servlet engine: [Apache Tomcat/10.1.42]
2026-03-19 09:33:32.888 INFO  [main] o.a.c.c.C.[Tomcat].[localhost].[/] - Initializing Spring embedded WebApplicationContext
2026-03-19 09:33:32.890 INFO  [main] o.s.b.w.s.c.ServletWebServerApplicationContext - Root WebApplicationContext: initialization completed in 2766 ms
2026-03-19 09:33:34.426 INFO  [main] o.s.b.a.e.web.EndpointLinksResolver - Exposing 3 endpoints beneath base path '/actuator'
2026-03-19 09:33:34.488 INFO  [main] o.a.coyote.http11.Http11NioProtocol - Starting ProtocolHandler ["http-nio-8080"]
2026-03-19 09:33:34.518 INFO  [main] o.s.b.w.e.tomcat.TomcatWebServer - Tomcat started on port 8080 (http) with context path '/'
2026-03-19 09:33:34.546 INFO  [main] txu.auth.mainapp.MainAppApplication - Started MainAppApplication in 6.589 seconds (process running for 8.156)
2026-03-19 09:41:00.968 INFO  [SpringApplicationShutdownHook] o.s.b.w.e.tomcat.GracefulShutdown - Commencing graceful shutdown. Waiting for active requests to complete
2026-03-19 09:41:01.338 INFO  [tomcat-shutdown] o.s.b.w.e.tomcat.GracefulShutdown - Graceful shutdown complete
2026-03-19 09:41:19.339 INFO  [main] txu.auth.mainapp.MainAppApplication - Starting MainAppApplication using Java 18.0.2 with PID 20628 (D:\06-05-2025\auth\main-app\target\classes started by Precision 7540 in D:\06-05-2025\auth)
2026-03-19 09:41:19.343 INFO  [main] txu.auth.mainapp.MainAppApplication - No active profile set, falling back to 1 default profile: "default"
2026-03-19 09:41:21.063 INFO  [main] o.s.d.r.c.RepositoryConfigurationDelegate - Multiple Spring Data modules found, entering strict repository configuration mode
2026-03-19 09:41:21.068 INFO  [main] o.s.d.r.c.RepositoryConfigurationDelegate - Bootstrapping Spring Data Redis repositories in DEFAULT mode.
2026-03-19 09:41:21.115 INFO  [main] o.s.d.r.c.RepositoryConfigurationDelegate - Finished Spring Data repository scanning in 25 ms. Found 0 Redis repository interfaces.
2026-03-19 09:41:21.652 INFO  [main] o.s.b.w.e.tomcat.TomcatWebServer - Tomcat initialized with port 8080 (http)
2026-03-19 09:41:21.665 INFO  [main] o.a.coyote.http11.Http11NioProtocol - Initializing ProtocolHandler ["http-nio-8080"]
2026-03-19 09:41:21.667 INFO  [main] o.a.catalina.core.StandardService - Starting service [Tomcat]
2026-03-19 09:41:21.667 INFO  [main] o.a.catalina.core.StandardEngine - Starting Servlet engine: [Apache Tomcat/10.1.42]
2026-03-19 09:41:21.794 INFO  [main] o.a.c.c.C.[Tomcat].[localhost].[/] - Initializing Spring embedded WebApplicationContext
2026-03-19 09:41:21.797 INFO  [main] o.s.b.w.s.c.ServletWebServerApplicationContext - Root WebApplicationContext: initialization completed in 2385 ms
2026-03-19 09:41:23.718 INFO  [main] o.s.b.a.e.web.EndpointLinksResolver - Exposing 3 endpoints beneath base path '/actuator'
2026-03-19 09:41:23.800 INFO  [main] o.a.coyote.http11.Http11NioProtocol - Starting ProtocolHandler ["http-nio-8080"]
2026-03-19 09:41:23.838 INFO  [main] o.s.b.w.e.tomcat.TomcatWebServer - Tomcat started on port 8080 (http) with context path '/'
2026-03-19 09:41:23.870 INFO  [main] txu.auth.mainapp.MainAppApplication - Started MainAppApplication in 5.56 seconds (process running for 6.126)
2026-03-19 09:41:58.697 INFO  [http-nio-8080-exec-2] o.a.c.c.C.[Tomcat].[localhost].[/] - Initializing Spring DispatcherServlet 'dispatcherServlet'
2026-03-19 09:41:58.698 INFO  [http-nio-8080-exec-2] o.s.web.servlet.DispatcherServlet - Initializing Servlet 'dispatcherServlet'
2026-03-19 09:41:58.700 INFO  [http-nio-8080-exec-2] o.s.web.servlet.DispatcherServlet - Completed initialization in 1 ms
2026-03-19 09:45:19.242 INFO  [SpringApplicationShutdownHook] o.s.b.w.e.tomcat.GracefulShutdown - Commencing graceful shutdown. Waiting for active requests to complete
2026-03-19 09:45:19.548 INFO  [tomcat-shutdown] o.s.b.w.e.tomcat.GracefulShutdown - Graceful shutdown complete
2026-03-19 09:45:26.697 INFO  [main] txu.auth.mainapp.MainAppApplication - Starting MainAppApplication using Java 18.0.2 with PID 8868 (D:\06-05-2025\auth\main-app\target\classes started by Precision 7540 in D:\06-05-2025\auth)
2026-03-19 09:45:26.700 INFO  [main] txu.auth.mainapp.MainAppApplication - No active profile set, falling back to 1 default profile: "default"
2026-03-19 09:45:28.130 INFO  [main] o.s.d.r.c.RepositoryConfigurationDelegate - Multiple Spring Data modules found, entering strict repository configuration mode
2026-03-19 09:45:28.135 INFO  [main] o.s.d.r.c.RepositoryConfigurationDelegate - Bootstrapping Spring Data Redis repositories in DEFAULT mode.
2026-03-19 09:45:28.173 INFO  [main] o.s.d.r.c.RepositoryConfigurationDelegate - Finished Spring Data repository scanning in 17 ms. Found 0 Redis repository interfaces.
2026-03-19 09:45:28.696 INFO  [main] o.s.b.w.e.tomcat.TomcatWebServer - Tomcat initialized with port 8080 (http)
2026-03-19 09:45:28.707 INFO  [main] o.a.coyote.http11.Http11NioProtocol - Initializing ProtocolHandler ["http-nio-8080"]
2026-03-19 09:45:28.709 INFO  [main] o.a.catalina.core.StandardService - Starting service [Tomcat]
2026-03-19 09:45:28.709 INFO  [main] o.a.catalina.core.StandardEngine - Starting Servlet engine: [Apache Tomcat/10.1.42]
2026-03-19 09:45:28.785 INFO  [main] o.a.c.c.C.[Tomcat].[localhost].[/] - Initializing Spring embedded WebApplicationContext
2026-03-19 09:45:28.787 INFO  [main] o.s.b.w.s.c.ServletWebServerApplicationContext - Root WebApplicationContext: initialization completed in 2034 ms
2026-03-19 09:45:30.176 INFO  [main] o.s.b.a.e.web.EndpointLinksResolver - Exposing 3 endpoints beneath base path '/actuator'
2026-03-19 09:45:30.231 INFO  [main] o.a.coyote.http11.Http11NioProtocol - Starting ProtocolHandler ["http-nio-8080"]
2026-03-19 09:45:30.255 INFO  [main] o.s.b.w.e.tomcat.TomcatWebServer - Tomcat started on port 8080 (http) with context path '/'
2026-03-19 09:45:30.274 INFO  [main] txu.auth.mainapp.MainAppApplication - Started MainAppApplication in 4.341 seconds (process running for 4.982)
2026-03-19 09:45:37.271 INFO  [http-nio-8080-exec-3] o.a.c.c.C.[Tomcat].[localhost].[/] - Initializing Spring DispatcherServlet 'dispatcherServlet'
2026-03-19 09:45:37.271 INFO  [http-nio-8080-exec-3] o.s.web.servlet.DispatcherServlet - Initializing Servlet 'dispatcherServlet'
2026-03-19 09:45:37.273 INFO  [http-nio-8080-exec-3] o.s.web.servlet.DispatcherServlet - Completed initialization in 2 ms
2026-03-19 09:46:36.566 INFO  [SpringApplicationShutdownHook] o.s.b.w.e.tomcat.GracefulShutdown - Commencing graceful shutdown. Waiting for active requests to complete
2026-03-19 09:46:36.892 INFO  [tomcat-shutdown] o.s.b.w.e.tomcat.GracefulShutdown - Graceful shutdown complete
2026-03-19 09:46:43.925 INFO  [main] txu.auth.mainapp.MainAppApplication - Starting MainAppApplication using Java 18.0.2 with PID 7712 (D:\06-05-2025\auth\main-app\target\classes started by Precision 7540 in D:\06-05-2025\auth)
2026-03-19 09:46:43.928 INFO  [main] txu.auth.mainapp.MainAppApplication - No active profile set, falling back to 1 default profile: "default"
2026-03-19 09:46:45.425 INFO  [main] o.s.d.r.c.RepositoryConfigurationDelegate - Multiple Spring Data modules found, entering strict repository configuration mode
2026-03-19 09:46:45.428 INFO  [main] o.s.d.r.c.RepositoryConfigurationDelegate - Bootstrapping Spring Data Redis repositories in DEFAULT mode.
2026-03-19 09:46:45.476 INFO  [main] o.s.d.r.c.RepositoryConfigurationDelegate - Finished Spring Data repository scanning in 22 ms. Found 0 Redis repository interfaces.
2026-03-19 09:46:46.146 INFO  [main] o.s.b.w.e.tomcat.TomcatWebServer - Tomcat initialized with port 8080 (http)
2026-03-19 09:46:46.158 INFO  [main] o.a.coyote.http11.Http11NioProtocol - Initializing ProtocolHandler ["http-nio-8080"]
2026-03-19 09:46:46.160 INFO  [main] o.a.catalina.core.StandardService - Starting service [Tomcat]
2026-03-19 09:46:46.160 INFO  [main] o.a.catalina.core.StandardEngine - Starting Servlet engine: [Apache Tomcat/10.1.42]
2026-03-19 09:46:46.238 INFO  [main] o.a.c.c.C.[Tomcat].[localhost].[/] - Initializing Spring embedded WebApplicationContext
2026-03-19 09:46:46.240 INFO  [main] o.s.b.w.s.c.ServletWebServerApplicationContext - Root WebApplicationContext: initialization completed in 2249 ms
2026-03-19 09:46:47.737 INFO  [main] o.s.b.a.e.web.EndpointLinksResolver - Exposing 3 endpoints beneath base path '/actuator'
2026-03-19 09:46:47.838 INFO  [main] o.a.coyote.http11.Http11NioProtocol - Starting ProtocolHandler ["http-nio-8080"]
2026-03-19 09:46:47.883 INFO  [main] o.s.b.w.e.tomcat.TomcatWebServer - Tomcat started on port 8080 (http) with context path '/'
2026-03-19 09:46:47.911 INFO  [main] txu.auth.mainapp.MainAppApplication - Started MainAppApplication in 4.852 seconds (process running for 5.419)
2026-03-19 09:52:36.462 INFO  [SpringApplicationShutdownHook] o.s.b.w.e.tomcat.GracefulShutdown - Commencing graceful shutdown. Waiting for active requests to complete
2026-03-19 09:52:36.795 INFO  [tomcat-shutdown] o.s.b.w.e.tomcat.GracefulShutdown - Graceful shutdown complete
2026-03-19 09:52:43.171 INFO  [main] txu.auth.mainapp.MainAppApplication - Starting MainAppApplication using Java 18.0.2 with PID 4144 (D:\06-05-2025\auth\main-app\target\classes started by Precision 7540 in D:\06-05-2025\auth)
2026-03-19 09:52:43.174 INFO  [main] txu.auth.mainapp.MainAppApplication - No active profile set, falling back to 1 default profile: "default"
2026-03-19 09:52:44.491 INFO  [main] o.s.d.r.c.RepositoryConfigurationDelegate - Multiple Spring Data modules found, entering strict repository configuration mode
2026-03-19 09:52:44.495 INFO  [main] o.s.d.r.c.RepositoryConfigurationDelegate - Bootstrapping Spring Data Redis repositories in DEFAULT mode.
2026-03-19 09:52:44.536 INFO  [main] o.s.d.r.c.RepositoryConfigurationDelegate - Finished Spring Data repository scanning in 20 ms. Found 0 Redis repository interfaces.
2026-03-19 09:52:45.215 INFO  [main] o.s.b.w.e.tomcat.TomcatWebServer - Tomcat initialized with port 8080 (http)
2026-03-19 09:52:45.227 INFO  [main] o.a.coyote.http11.Http11NioProtocol - Initializing ProtocolHandler ["http-nio-8080"]
2026-03-19 09:52:45.231 INFO  [main] o.a.catalina.core.StandardService - Starting service [Tomcat]
2026-03-19 09:52:45.231 INFO  [main] o.a.catalina.core.StandardEngine - Starting Servlet engine: [Apache Tomcat/10.1.42]
2026-03-19 09:52:45.310 INFO  [main] o.a.c.c.C.[Tomcat].[localhost].[/] - Initializing Spring embedded WebApplicationContext
2026-03-19 09:52:45.311 INFO  [main] o.s.b.w.s.c.ServletWebServerApplicationContext - Root WebApplicationContext: initialization completed in 2075 ms
2026-03-19 09:52:46.789 INFO  [main] o.s.b.a.e.web.EndpointLinksResolver - Exposing 3 endpoints beneath base path '/actuator'
2026-03-19 09:52:46.884 INFO  [main] o.a.coyote.http11.Http11NioProtocol - Starting ProtocolHandler ["http-nio-8080"]
2026-03-19 09:52:46.949 INFO  [main] o.s.b.w.e.tomcat.TomcatWebServer - Tomcat started on port 8080 (http) with context path '/'
2026-03-19 09:52:46.978 INFO  [main] txu.auth.mainapp.MainAppApplication - Started MainAppApplication in 4.678 seconds (process running for 5.155)
2026-03-19 09:52:51.717 INFO  [http-nio-8080-exec-2] o.a.c.c.C.[Tomcat].[localhost].[/] - Initializing Spring DispatcherServlet 'dispatcherServlet'
2026-03-19 09:52:51.717 INFO  [http-nio-8080-exec-2] o.s.web.servlet.DispatcherServlet - Initializing Servlet 'dispatcherServlet'
2026-03-19 09:52:51.718 INFO  [http-nio-8080-exec-2] o.s.web.servlet.DispatcherServlet - Completed initialization in 1 ms
2026-03-19 10:35:28.471 INFO  [SpringApplicationShutdownHook] o.s.b.w.e.tomcat.GracefulShutdown - Commencing graceful shutdown. Waiting for active requests to complete
2026-03-19 10:35:28.743 INFO  [tomcat-shutdown] o.s.b.w.e.tomcat.GracefulShutdown - Graceful shutdown complete
2026-03-19 10:35:40.689 INFO  [main] txu.auth.mainapp.MainAppApplication - Starting MainAppApplication using Java 18.0.2 with PID 8824 (D:\06-05-2025\auth\main-app\target\classes started by Precision 7540 in D:\06-05-2025\auth)
2026-03-19 10:35:40.693 INFO  [main] txu.auth.mainapp.MainAppApplication - No active profile set, falling back to 1 default profile: "default"
2026-03-19 10:35:42.090 INFO  [main] o.s.d.r.c.RepositoryConfigurationDelegate - Multiple Spring Data modules found, entering strict repository configuration mode
2026-03-19 10:35:42.095 INFO  [main] o.s.d.r.c.RepositoryConfigurationDelegate - Bootstrapping Spring Data Redis repositories in DEFAULT mode.
2026-03-19 10:35:42.135 INFO  [main] o.s.d.r.c.RepositoryConfigurationDelegate - Finished Spring Data repository scanning in 18 ms. Found 0 Redis repository interfaces.
2026-03-19 10:35:43.044 INFO  [main] o.s.b.w.e.tomcat.TomcatWebServer - Tomcat initialized with port 8080 (http)
2026-03-19 10:35:43.074 INFO  [main] o.a.coyote.http11.Http11NioProtocol - Initializing ProtocolHandler ["http-nio-8080"]
2026-03-19 10:35:43.077 INFO  [main] o.a.catalina.core.StandardService - Starting service [Tomcat]
2026-03-19 10:35:43.078 INFO  [main] o.a.catalina.core.StandardEngine - Starting Servlet engine: [Apache Tomcat/10.1.42]
2026-03-19 10:35:43.253 INFO  [main] o.a.c.c.C.[Tomcat].[localhost].[/] - Initializing Spring embedded WebApplicationContext
2026-03-19 10:35:43.255 INFO  [main] o.s.b.w.s.c.ServletWebServerApplicationContext - Root WebApplicationContext: initialization completed in 2476 ms
2026-03-19 10:35:45.255 INFO  [main] o.s.b.a.e.web.EndpointLinksResolver - Exposing 3 endpoints beneath base path '/actuator'
2026-03-19 10:35:45.358 INFO  [main] o.a.coyote.http11.Http11NioProtocol - Starting ProtocolHandler ["http-nio-8080"]
2026-03-19 10:35:45.406 INFO  [main] o.s.b.w.e.tomcat.TomcatWebServer - Tomcat started on port 8080 (http) with context path '/'
2026-03-19 10:35:45.434 INFO  [main] txu.auth.mainapp.MainAppApplication - Started MainAppApplication in 5.869 seconds (process running for 6.918)
2026-03-19 10:35:57.227 INFO  [http-nio-8080-exec-2] o.a.c.c.C.[Tomcat].[localhost].[/] - Initializing Spring DispatcherServlet 'dispatcherServlet'
2026-03-19 10:35:57.229 INFO  [http-nio-8080-exec-2] o.s.web.servlet.DispatcherServlet - Initializing Servlet 'dispatcherServlet'
2026-03-19 10:35:57.233 INFO  [http-nio-8080-exec-2] o.s.web.servlet.DispatcherServlet - Completed initialization in 4 ms
2026-03-19 11:10:48.865 INFO  [SpringApplicationShutdownHook] o.s.b.w.e.tomcat.GracefulShutdown - Commencing graceful shutdown. Waiting for active requests to complete
2026-03-19 11:10:49.132 INFO  [tomcat-shutdown] o.s.b.w.e.tomcat.GracefulShutdown - Graceful shutdown complete
2026-03-19 11:10:55.457 INFO  [main] txu.auth.mainapp.MainAppApplication - Starting MainAppApplication using Java 18.0.2 with PID 26044 (D:\06-05-2025\auth\main-app\target\classes started by Precision 7540 in D:\06-05-2025\auth)
2026-03-19 11:10:55.460 INFO  [main] txu.auth.mainapp.MainAppApplication - No active profile set, falling back to 1 default profile: "default"
2026-03-19 11:10:56.827 INFO  [main] o.s.d.r.c.RepositoryConfigurationDelegate - Multiple Spring Data modules found, entering strict repository configuration mode
2026-03-19 11:10:56.830 INFO  [main] o.s.d.r.c.RepositoryConfigurationDelegate - Bootstrapping Spring Data Redis repositories in DEFAULT mode.
2026-03-19 11:10:56.864 INFO  [main] o.s.d.r.c.RepositoryConfigurationDelegate - Finished Spring Data repository scanning in 16 ms. Found 0 Redis repository interfaces.
2026-03-19 11:10:57.375 INFO  [main] o.s.b.w.e.tomcat.TomcatWebServer - Tomcat initialized with port 8080 (http)
2026-03-19 11:10:57.393 INFO  [main] o.a.coyote.http11.Http11NioProtocol - Initializing ProtocolHandler ["http-nio-8080"]
2026-03-19 11:10:57.397 INFO  [main] o.a.catalina.core.StandardService - Starting service [Tomcat]
2026-03-19 11:10:57.397 INFO  [main] o.a.catalina.core.StandardEngine - Starting Servlet engine: [Apache Tomcat/10.1.42]
2026-03-19 11:10:57.503 INFO  [main] o.a.c.c.C.[Tomcat].[localhost].[/] - Initializing Spring embedded WebApplicationContext
2026-03-19 11:10:57.505 INFO  [main] o.s.b.w.s.c.ServletWebServerApplicationContext - Root WebApplicationContext: initialization completed in 1980 ms
2026-03-19 11:10:58.860 INFO  [main] o.s.b.a.e.web.EndpointLinksResolver - Exposing 3 endpoints beneath base path '/actuator'
2026-03-19 11:10:58.919 INFO  [main] o.a.coyote.http11.Http11NioProtocol - Starting ProtocolHandler ["http-nio-8080"]
2026-03-19 11:10:58.946 INFO  [main] o.s.b.w.e.tomcat.TomcatWebServer - Tomcat started on port 8080 (http) with context path '/'
2026-03-19 11:10:58.965 INFO  [main] txu.auth.mainapp.MainAppApplication - Started MainAppApplication in 4.425 seconds (process running for 5.014)
2026-03-19 11:11:03.338 INFO  [http-nio-8080-exec-2] o.a.c.c.C.[Tomcat].[localhost].[/] - Initializing Spring DispatcherServlet 'dispatcherServlet'
2026-03-19 11:11:03.339 INFO  [http-nio-8080-exec-2] o.s.web.servlet.DispatcherServlet - Initializing Servlet 'dispatcherServlet'
2026-03-19 11:11:03.341 INFO  [http-nio-8080-exec-2] o.s.web.servlet.DispatcherServlet - Completed initialization in 1 ms
2026-03-19 11:18:39.800 INFO  [SpringApplicationShutdownHook] o.s.b.w.e.tomcat.GracefulShutdown - Commencing graceful shutdown. Waiting for active requests to complete
2026-03-19 11:18:40.087 INFO  [tomcat-shutdown] o.s.b.w.e.tomcat.GracefulShutdown - Graceful shutdown complete
